0 info it worked if it ends with ok
1 verbose cli [ '/usr/local/bin/node',
1 verbose cli   '/usr/local/bin/npm',
1 verbose cli   'run',
1 verbose cli   'webpack',
1 verbose cli   '--progress',
1 verbose cli   '--colors',
1 verbose cli   '--config',
1 verbose cli   './webpack/test-three.js/webpack.config.js',
1 verbose cli   '--watch' ]
2 info using npm@3.8.3
3 info using node@v5.10.1
4 verbose stack Error: missing script: webpack
4 verbose stack     at run (/usr/local/lib/node_modules/npm/lib/run-script.js:147:19)
4 verbose stack     at /usr/local/lib/node_modules/npm/lib/run-script.js:57:5
4 verbose stack     at /usr/local/lib/node_modules/npm/node_modules/read-package-json/read-json.js:345:5
4 verbose stack     at checkBinReferences_ (/usr/local/lib/node_modules/npm/node_modules/read-package-json/read-json.js:309:45)
4 verbose stack     at final (/usr/local/lib/node_modules/npm/node_modules/read-package-json/read-json.js:343:3)
4 verbose stack     at then (/usr/local/lib/node_modules/npm/node_modules/read-package-json/read-json.js:113:5)
4 verbose stack     at /usr/local/lib/node_modules/npm/node_modules/read-package-json/read-json.js:300:12
4 verbose stack     at tryToString (evalmachine.<anonymous>:414:3)
4 verbose stack     at FSReqWrap.readFileAfterClose [as oncomplete] (evalmachine.<anonymous>:401:12)
5 verbose cwd /Users/leefsmp/Dropbox/projects/adn/particle-system
6 error Darwin 14.5.0
7 error argv "/usr/local/bin/node" "/usr/local/bin/npm" "run" "webpack" "--progress" "--colors" "--config" "./webpack/test-three.js/webpack.config.js" "--watch"
8 error node v5.10.1
9 error npm  v3.8.3
10 error missing script: webpack
11 error If you need help, you may report this error at:
11 error     <https://github.com/npm/npm/issues>
12 verbose exit [ 1, true ]
